

Version:	3.50
CmdLine:	C:\Users\18286\Desktop\dist\test2\Capstone.exe --l4j-debug
JNI:		No
WOW64:		Yes
Working dir:	C:\Users\18286\Desktop\dist\test2\.
Requires JDK:	No
Requires 64-Bit: No
Java min ver:	1.017.000
Java max ver:	1.017.005
JRE paths:	C:\Users\18286\Desktop\dist\test2\jre-17
Check launcher:	C:\Users\18286\Desktop\dist\test2\jre-17\bin\javaw.exe (OK)
Cannot get version string: cannot find quote
64-bit search:	SOFTWARE\JavaSoft\Java Runtime Environment...
Check:		SOFTWARE\JavaSoft\Java Runtime Environment\1.8
Version string: 1.008.000 / 64-Bit (Ignore)
Ignore:		1.008.000
Check:		SOFTWARE\JavaSoft\Java Runtime Environment\1.8.0_361
Version string: 1.008.000_361 / 64-Bit (Ignore)
Ignore:		1.008.000_361
32-bit search:	SOFTWARE\JavaSoft\Java Runtime Environment...
Check:		SOFTWARE\JavaSoft\Java Runtime Environment\1.6
Version string: 1.006.000 / 32-Bit (Ignore)
Ignore:		1.006.000
Check:		SOFTWARE\JavaSoft\Java Runtime Environment\1.6.0_37
Version string: 1.006.000_037 / 32-Bit (Ignore)
Ignore:		1.006.000_037
64-bit search:	SOFTWARE\JavaSoft\Java Development Kit...
32-bit search:	SOFTWARE\JavaSoft\Java Development Kit...
64-bit search:	SOFTWARE\JavaSoft\JRE...
32-bit search:	SOFTWARE\JavaSoft\JRE...
64-bit search:	SOFTWARE\JavaSoft\JDK...
Check:		SOFTWARE\JavaSoft\JDK\17.0.1
Version string: 1.017.000_001 / 64-Bit (OK)
Check launcher:	C:\Program Files\Java\jdk-17.0.1\bin\javaw.exe (OK)
Match:		1.017.000_001
Runtime used:	1.017.000_001 (64-bit)
Launcher:	C:\Program Files\Java\jdk-17.0.1\bin\javaw.exe
Launcher args:	-jar "C:\Users\18286\Desktop\dist\test2\Capstone.exe"
Args length:	53/32768 chars
Exit code:	0
